0 info it worked if it ends with ok
1 verbose cli [ '/usr/local/node/bin/node',
1 verbose cli   '/usr/local/node/bin/npm',
1 verbose cli   'run',
1 verbose cli   'clientDev' ]
2 info using npm@3.10.6
3 info using node@v5.6.0
4 verbose stack Error: missing script: clientDev
4 verbose stack     at run (/usr/local/node/lib/node_modules/npm/lib/run-script.js:151:19)
4 verbose stack     at /usr/local/node/lib/node_modules/npm/lib/run-script.js:61:5
4 verbose stack     at /usr/local/node/lib/node_modules/npm/node_modules/read-package-json/read-json.js:356:5
4 verbose stack     at checkBinReferences_ (/usr/local/node/lib/node_modules/npm/node_modules/read-package-json/read-json.js:320:45)
4 verbose stack     at final (/usr/local/node/lib/node_modules/npm/node_modules/read-package-json/read-json.js:354:3)
4 verbose stack     at then (/usr/local/node/lib/node_modules/npm/node_modules/read-package-json/read-json.js:124:5)
4 verbose stack     at /usr/local/node/lib/node_modules/npm/node_modules/read-package-json/read-json.js:243:12
4 verbose stack     at /usr/local/node/lib/node_modules/npm/node_modules/graceful-fs/graceful-fs.js:78:16
4 verbose stack     at tryToString (fs.js:414:3)
4 verbose stack     at FSReqWrap.readFileAfterClose [as oncomplete] (fs.js:401:12)
5 verbose cwd /home/front-end/train/client
6 error Linux 2.6.32-220.el6.x86_64
7 error argv "/usr/local/node/bin/node" "/usr/local/node/bin/npm" "run" "clientDev"
8 error node v5.6.0
9 error npm  v3.10.6
10 error missing script: clientDev
11 error If you need help, you may report this error at:
11 error     <https://github.com/npm/npm/issues>
12 verbose exit [ 1, true ]
